#
# A fatal error has been detected by the Java Runtime Environment:
#
#  EXCEPTION_ACCESS_VIOLATION (0xc0000005) at pc=0x00007ff836ed8394, pid=5084, tid=14484
#
# JRE version: Java(TM) SE Runtime Environment (12.0.2+10) (build 12.0.2+10)
# Java VM: Java HotSpot(TM) 64-Bit Server VM (12.0.2+10, mixed mode, sharing, tiered, compressed oops, g1 gc, windows-amd64)
# Problematic frame:
# C  [ig9icd64.dll+0x3d8394]
#
# No core dump will be written. Minidumps are not enabled by default on client versions of Windows
#
# If you would like to submit a bug report, please visit:
#   http://bugreport.java.com/bugreport/crash.jsp
# The crash happened outside the Java Virtual Machine in native code.
# See problematic frame for where to report the bug.
#

---------------  S U M M A R Y ------------

Command Line: -Djava.library.path=C:\Users\Oudum\Desktop\Cours\L2\GLP\Library\lwjgl-2.9.3\native\windows -Dfile.encoding=Cp1252 game.GameLauncher

Host: Intel(R) Core(TM) i7-6500U CPU @ 2.50GHz, 4 cores, 7G,  Windows 10 , 64 bit Build 18362 (10.0.18362.329)
Time: Wed Mar  4 09:07:13 2020 Paris, Madrid elapsed time: 0 seconds (0d 0h 0m 0s)

---------------  T H R E A D  ---------------

Current thread (0x000001b12496a000):  JavaThread "main" [_thread_in_native, id=14484, stack(0x000000a39f600000,0x000000a39f700000)]

Stack: [0x000000a39f600000,0x000000a39f700000],  sp=0x000000a39f6fefb0,  free space=1019k
Native frames: (J=compiled Java code, j=interpreted, Vv=VM code, C=native code)
C  [ig9icd64.dll+0x3d8394]

Java frames: (J=compiled Java code, j=interpreted, Vv=VM code)
J 362  org.lwjgl.opengl.GL11.nglClear(IJ)V (0 bytes) @ 0x000001b134806f14 [0x000001b134806ec0+0x0000000000000054]
J 360% c1 game.Main.tick()V (141 bytes) @ 0x000001b12d3471a4 [0x000001b12d346660+0x0000000000000b44]
j  game.Main.start()V+6
j  game.Main.<init>()V+53
j  game.GameLauncher.main([Ljava/lang/String;)V+3
v  ~StubRoutines::call_stub

siginfo: EXCEPTION_ACCESS_VIOLATION (0xc0000005), writing address 0x000001b145250000


Register to memory mapping:

RIP=0x00007ff836ed8394 ig9icd64.dll
RAX=0x00000000680b0000 is an unknown value
RBX=0x000001b143985160 points into unknown readable memory: 00 00 00 00 00 00 00 00
RCX=0x000001b145250000 is an unknown value
RDX=0x000001b143984e68 points into unknown readable memory: 00 00 00 00 00 00 00 00
RSP=0x000000a39f6fefb0 is pointing into the stack for thread: 0x000001b12496a000
RBP=0x000000a39f6ff0b0 is pointing into the stack for thread: 0x000001b12496a000
RSI=0x000001b143950a80 points into unknown readable memory: 80 44 8f 43 b1 01 00 00
RDI=0x000000a39f6ff1d8 is pointing into the stack for thread: 0x000001b12496a000
R8 =0x000001b143934050 points into unknown readable memory: 00 00 00 00 00 01 00 00
R9 =0x0 is NULL
R10=0x0 is NULL
R11=0x0 is NULL
R12=0x0 is NULL
R13=0x0 is NULL
R14=0x00000000000003d4 is an unknown value
R15=0x0 is NULL


Registers:
RAX=0x00000000680b0000, RBX=0x000001b143985160, RCX=0x000001b145250000, RDX=0x000001b143984e68
RSP=0x000000a39f6fefb0, RBP=0x000000a39f6ff0b0, RSI=0x000001b143950a80, RDI=0x000000a39f6ff1d8
R8 =0x000001b143934050, R9 =0x0000000000000000, R10=0x0000000000000000, R11=0x0000000000000000
R12=0x0000000000000000, R13=0x0000000000000000, R14=0x00000000000003d4, R15=0x0000000000000000
RIP=0x00007ff836ed8394, EFLAGS=0x0000000000010206

Top of Stack: (sp=0x000000a39f6fefb0)
0x000000a39f6fefb0:   000001b14dbb0810 000000a39f6ff0b0
0x000000a39f6fefc0:   000000a39f6ff030 000001b1438ec570
0x000000a39f6fefd0:   000000008994b320 000001b12cd39bc0
0x000000a39f6fefe0:   000000008994b320 000000a39f6fefe8
0x000000a39f6feff0:   000000080073a279 000000a39f6ff040
0x000000a39f6ff000:   000000080016b0c8 000001b143934050
0x000000a39f6ff010:   0000000089b1e140 000000080016be70
0x000000a39f6ff020:   0000000000000000 000000a39f6ff040
0x000000a39f6ff030:   0000000000000000 0000000000000000
0x000000a39f6ff040:   000003d4000005a0 000000a39f6ff038
0x000000a39f6ff050:   000000a39f6ff068 0000000000000000
0x000000a39f6ff060:   0000000000000000 0000000000000000
0x000000a39f6ff070:   0000000000000000 0000000000000000
0x000000a39f6ff080:   0000000000000700 0000ccfde3e2be1d
0x000000a39f6ff090:   0000000000000000 0000000000000000
0x000000a39f6ff0a0:   0000000000000000 0000000000000000 

Instructions: (pc=0x00007ff836ed8394)
0x00007ff836ed8294:   89 54 24 58 4c 8b c2 48 8b f1 0f 84 d9 00 00 00
0x00007ff836ed82a4:   48 8b d1 48 8b cb e8 31 27 cb ff 48 8b d6 48 8b
0x00007ff836ed82b4:   cb e8 d6 96 cb ff 48 8b 05 2f 48 68 00 48 8b 8b
0x00007ff836ed82c4:   80 08 00 00 48 09 83 88 08 00 00 48 8b 05 22 48
0x00007ff836ed82d4:   68 00 48 09 83 90 08 00 00 b8 7f 00 00 00 4c 8b
0x00007ff836ed82e4:   44 24 58 48 c7 81 88 27 00 00 ff ff ff ff c7 81
0x00007ff836ed82f4:   94 27 00 00 ff ff ff ff 66 89 81 a6 06 00 00 48
0x00007ff836ed8304:   c7 81 f8 4c 00 00 ff ff ff ff c7 81 04 4d 00 00
0x00007ff836ed8314:   ff ff ff ff 66 89 81 16 2c 00 00 48 c7 81 68 72
0x00007ff836ed8324:   00 00 ff ff ff ff c7 81 74 72 00 00 ff ff ff ff
0x00007ff836ed8334:   66 89 81 86 51 00 00 48 c7 81 d8 97 00 00 ff ff
0x00007ff836ed8344:   ff ff c7 81 e4 97 00 00 ff ff ff ff 66 89 81 f6
0x00007ff836ed8354:   76 00 00 48 c7 81 48 bd 00 00 ff ff ff ff c7 81
0x00007ff836ed8364:   54 bd 00 00 ff ff ff ff 66 89 81 66 9c 00 00 c7
0x00007ff836ed8374:   81 64 bd 00 00 00 00 00 00 48 8b 96 60 44 03 00
0x00007ff836ed8384:   45 33 ed 8b 05 c3 58 a8 00 8b 4a 28 48 03 4a 18
0x00007ff836ed8394:   89 01 83 42 28 04 48 63 86 10 1b 00 00 48 89 45
0x00007ff836ed83a4:   80 48 85 c0 0f 8e b8 04 00 00 4c 89 a4 24 08 01
0x00007ff836ed83b4:   00 00 4c 8d a6 d0 5d 03 00 4c 89 b4 24 00 01 00
0x00007ff836ed83c4:   00 44 8b 75 60 0f 29 b4 24 f0 00 00 00 0f 57 f6
0x00007ff836ed83d4:   0f 29 bc 24 e0 00 00 00 0f 57 ff 48 89 bc 24 50
0x00007ff836ed83e4:   01 00 00 66 0f 1f 84 00 00 00 00 00 41 8b 0c 24
0x00007ff836ed83f4:   83 f9 ff 0f 84 2a 04 00 00 49 8b bc c8 b8 01 00
0x00007ff836ed8404:   00 48 85 ff 0f 84 19 04 00 00 8b 45 78 0f a3 c8
0x00007ff836ed8414:   0f 83 0d 04 00 00 48 8b 05 5f 64 8d 00 83 b8 a8
0x00007ff836ed8424:   01 00 00 01 74 24 83 f9 0e 75 1f 48 8b 87 98 00
0x00007ff836ed8434:   00 00 48 85 c0 74 13 83 78 08 01 77 0d 83 78 04
0x00007ff836ed8444:   03 75 07 c6 87 d8 00 00 00 01 48 8b 97 98 00 00
0x00007ff836ed8454:   00 45 33 c9 48 85 d2 0f 84 df 00 00 00 4c 8b 82
0x00007ff836ed8464:   90 00 00 00 4d 85 c0 74 04 45 8b 48 44 48 8b 1f
0x00007ff836ed8474:   33 c9 48 85 db 74 33 4c 63 13 4d 85 c0 74 04 41
0x00007ff836ed8484:   8b 48 44 85 c9 74 0f 83 e9 01 74 14 83 e9 01 74 


Stack slot to memory mapping:
stack at sp + 0 slots: 0x000001b14dbb0810 points into unknown readable memory: 01 00 00 00 02 00 00 00
stack at sp + 1 slots: 0x000000a39f6ff0b0 is pointing into the stack for thread: 0x000001b12496a000
stack at sp + 2 slots: 0x000000a39f6ff030 is pointing into the stack for thread: 0x000001b12496a000
stack at sp + 3 slots: 0x000001b1438ec570 points into unknown readable memory: ff ff ff ff ff ff ff ff
stack at sp + 4 slots: 0x000000008994b320 points into unknown readable memory: 05 00 00 00 00 00 00 00
stack at sp + 5 slots: 0x000001b12cd39bc0 is at code_begin+1664 in an Interpreter codelet
invoke return entry points  [0x000001b12cd39540, 0x000001b12cd39f60]  2592 bytes
stack at sp + 6 slots: 0x000000008994b320 points into unknown readable memory: 05 00 00 00 00 00 00 00
stack at sp + 7 slots: 0x000000a39f6fefe8 is pointing into the stack for thread: 0x000001b12496a000


---------------  P R O C E S S  ---------------

Threads class SMR info:
_java_thread_list=0x000001b1437ca490, length=10, elements={
0x000001b12496a000, 0x000001b142d43000, 0x000001b142d4d000, 0x000001b142d60000,
0x000001b142d62000, 0x000001b142d63000, 0x000001b143705800, 0x000001b14370b000,
0x000001b1437f3800, 0x000001b1437fe800
}

Java Threads: ( => current thread )
=>0x000001b12496a000 JavaThread "main" [_thread_in_native, id=14484, stack(0x000000a39f600000,0x000000a39f700000)]
  0x000001b142d43000 JavaThread "Reference Handler" daemon [_thread_blocked, id=3508, stack(0x000000a39fd00000,0x000000a39fe00000)]
  0x000001b142d4d000 JavaThread "Finalizer" daemon [_thread_blocked, id=7380, stack(0x000000a39fe00000,0x000000a39ff00000)]
  0x000001b142d60000 JavaThread "Signal Dispatcher" daemon [_thread_blocked, id=7980, stack(0x000000a39ff00000,0x000000a3a0000000)]
  0x000001b142d62000 JavaThread "Attach Listener" daemon [_thread_blocked, id=11212, stack(0x000000a3a0000000,0x000000a3a0100000)]
  0x000001b142d63000 JavaThread "C2 CompilerThread0" daemon [_thread_blocked, id=420, stack(0x000000a3a0100000,0x000000a3a0200000)]
  0x000001b143705800 JavaThread "C1 CompilerThread0" daemon [_thread_blocked, id=7296, stack(0x000000a3a0200000,0x000000a3a0300000)]
  0x000001b14370b000 JavaThread "Sweeper thread" daemon [_thread_blocked, id=15520, stack(0x000000a3a0300000,0x000000a3a0400000)]
  0x000001b1437f3800 JavaThread "Service Thread" daemon [_thread_blocked, id=7328, stack(0x000000a3a0400000,0x000000a3a0500000)]
  0x000001b1437fe800 JavaThread "Common-Cleaner" daemon [_thread_blocked, id=15016, stack(0x000000a3a0600000,0x000000a3a0700000)]

Other Threads:
  0x000001b142d3e800 VMThread "VM Thread" [stack: 0x000000a39fc00000,0x000000a39fd00000] [id=584]
  0x000001b1437f9000 WatcherThread [stack: 0x000000a3a0500000,0x000000a3a0600000] [id=8676]
  0x000001b1249a9000 GCTaskThread "GC Thread#0" [stack: 0x000000a39f700000,0x000000a39f800000] [id=2688]
  0x000001b1249b6800 ConcurrentGCThread "G1 Main Marker" [stack: 0x000000a39f800000,0x000000a39f900000] [id=2432]
  0x000001b1249ba800 ConcurrentGCThread "G1 Conc#0" [stack: 0x000000a39f900000,0x000000a39fa00000] [id=10752]
  0x000001b142bbd800 ConcurrentGCThread "G1 Refine#0" [stack: 0x000000a39fa00000,0x000000a39fb00000] [id=16252]
  0x000001b142bbe800 ConcurrentGCThread "G1 Young RemSet Sampling" [stack: 0x000000a39fb00000,0x000000a39fc00000] [id=13052]

Threads with active compile tasks:

VM state:not at safepoint (normal execution)

VM Mutex/Monitor currently owned by a thread: None

Heap address: 0x0000000081c00000, size: 2020 MB, Compressed Oops mode: 32-bit
Narrow klass base: 0x0000000800000000, Narrow klass shift: 3
Compressed class space size: 1073741824 Address: 0x0000000801190000

Heap:
 garbage-first heap   total 131072K, used 4096K [0x0000000081c00000, 0x0000000100000000)
  region size 1024K, 5 young (5120K), 0 survivors (0K)
 Metaspace       used 1826K, capacity 5562K, committed 5888K, reserved 1056768K
  class space    used 99K, capacity 457K, committed 512K, reserved 1048576K
Heap Regions: E=young(eden), S=young(survivor), O=old, HS=humongous(starts), HC=humongous(continues), CS=collection set, F=free, A=archive, TAMS=top-at-mark-start (previous, next)
|   0|0x0000000081c00000, 0x0000000081c00000, 0x0000000081d00000|  0%| F|  |TAMS 0x0000000081c00000, 0x0000000081c00000| Untracked 
|   1|0x0000000081d00000, 0x0000000081d00000, 0x0000000081e00000|  0%| F|  |TAMS 0x0000000081d00000, 0x0000000081d00000| Untracked 
|   2|0x0000000081e00000, 0x0000000081e00000, 0x0000000081f00000|  0%| F|  |TAMS 0x0000000081e00000, 0x0000000081e00000| Untracked 
|   3|0x0000000081f00000, 0x0000000081f00000, 0x0000000082000000|  0%| F|  |TAMS 0x0000000081f00000, 0x0000000081f00000| Untracked 
|   4|0x0000000082000000, 0x0000000082000000, 0x0000000082100000|  0%| F|  |TAMS 0x0000000082000000, 0x0000000082000000| Untracked 
|   5|0x0000000082100000, 0x0000000082100000, 0x0000000082200000|  0%| F|  |TAMS 0x0000000082100000, 0x0000000082100000| Untracked 
|   6|0x0000000082200000, 0x0000000082200000, 0x0000000082300000|  0%| F|  |TAMS 0x0000000082200000, 0x0000000082200000| Untracked 
|   7|0x0000000082300000, 0x0000000082300000, 0x0000000082400000|  0%| F|  |TAMS 0x0000000082300000, 0x0000000082300000| Untracked 
|   8|0x0000000082400000, 0x0000000082400000, 0x0000000082500000|  0%| F|  |TAMS 0x0000000082400000, 0x0000000082400000| Untracked 
|   9|0x0000000082500000, 0x0000000082500000, 0x0000000082600000|  0%| F|  |TAMS 0x0000000082500000, 0x0000000082500000| Untracked 
|  10|0x0000000082600000, 0x0000000082600000, 0x0000000082700000|  0%| F|  |TAMS 0x0000000082600000, 0x0000000082600000| Untracked 
|  11|0x0000000082700000, 0x0000000082700000, 0x0000000082800000|  0%| F|  |TAMS 0x0000000082700000, 0x0000000082700000| Untracked 
|  12|0x0000000082800000, 0x0000000082800000, 0x0000000082900000|  0%| F|  |TAMS 0x0000000082800000, 0x0000000082800000| Untracked 
|  13|0x0000000082900000, 0x0000000082900000, 0x0000000082a00000|  0%| F|  |TAMS 0x0000000082900000, 0x0000000082900000| Untracked 
|  14|0x0000000082a00000, 0x0000000082a00000, 0x0000000082b00000|  0%| F|  |TAMS 0x0000000082a00000, 0x0000000082a00000| Untracked 
|  15|0x0000000082b00000, 0x0000000082b00000, 0x0000000082c00000|  0%| F|  |TAMS 0x0000000082b00000, 0x0000000082b00000| Untracked 
|  16|0x0000000082c00000, 0x0000000082c00000, 0x0000000082d00000|  0%| F|  |TAMS 0x0000000082c00000, 0x0000000082c00000| Untracked 
|  17|0x0000000082d00000, 0x0000000082d00000, 0x0000000082e00000|  0%| F|  |TAMS 0x0000000082d00000, 0x0000000082d00000| Untracked 
|  18|0x0000000082e00000, 0x0000000082e00000, 0x0000000082f00000|  0%| F|  |TAMS 0x0000000082e00000, 0x0000000082e00000| Untracked 
|  19|0x0000000082f00000, 0x0000000082f00000, 0x0000000083000000|  0%| F|  |TAMS 0x0000000082f00000, 0x0000000082f00000| Untracked 
|  20|0x0000000083000000, 0x0000000083000000, 0x0000000083100000|  0%| F|  |TAMS 0x0000000083000000, 0x0000000083000000| Untracked 
|  21|0x0000000083100000, 0x0000000083100000, 0x0000000083200000|  0%| F|  |TAMS 0x0000000083100000, 0x0000000083100000| Untracked 
|  22|0x0000000083200000, 0x0000000083200000, 0x0000000083300000|  0%| F|  |TAMS 0x0000000083200000, 0x0000000083200000| Untracked 
|  23|0x0000000083300000, 0x0000000083300000, 0x0000000083400000|  0%| F|  |TAMS 0x0000000083300000, 0x0000000083300000| Untracked 
|  24|0x0000000083400000, 0x0000000083400000, 0x0000000083500000|  0%| F|  |TAMS 0x0000000083400000, 0x0000000083400000| Untracked 
|  25|0x0000000083500000, 0x0000000083500000, 0x0000000083600000|  0%| F|  |TAMS 0x0000000083500000, 0x0000000083500000| Untracked 
|  26|0x0000000083600000, 0x0000000083600000, 0x0000000083700000|  0%| F|  |TAMS 0x0000000083600000, 0x0000000083600000| Untracked 
|  27|0x0000000083700000, 0x0000000083700000, 0x0000000083800000|  0%| F|  |TAMS 0x0000000083700000, 0x0000000083700000| Untracked 
|  28|0x0000000083800000, 0x0000000083800000, 0x0000000083900000|  0%| F|  |TAMS 0x0000000083800000, 0x0000000083800000| Untracked 
|  29|0x0000000083900000, 0x0000000083900000, 0x0000000083a00000|  0%| F|  |TAMS 0x0000000083900000, 0x0000000083900000| Untracked 
|  30|0x0000000083a00000, 0x0000000083a00000, 0x0000000083b00000|  0%| F|  |TAMS 0x0000000083a00000, 0x0000000083a00000| Untracked 
|  31|0x0000000083b00000, 0x0000000083b00000, 0x0000000083c00000|  0%| F|  |TAMS 0x0000000083b00000, 0x0000000083b00000| Untracked 
|  32|0x0000000083c00000, 0x0000000083c00000, 0x0000000083d00000|  0%| F|  |TAMS 0x0000000083c00000, 0x0000000083c00000| Untracked 
|  33|0x0000000083d00000, 0x0000000083d00000, 0x0000000083e00000|  0%| F|  |TAMS 0x0000000083d00000, 0x0000000083d00000| Untracked 
|  34|0x0000000083e00000, 0x0000000083e00000, 0x0000000083f00000|  0%| F|  |TAMS 0x0000000083e00000, 0x0000000083e00000| Untracked 
|  35|0x0000000083f00000, 0x0000000083f00000, 0x0000000084000000|  0%| F|  |TAMS 0x0000000083f00000, 0x0000000083f00000| Untracked 
|  36|0x0000000084000000, 0x0000000084000000, 0x0000000084100000|  0%| F|  |TAMS 0x0000000084000000, 0x0000000084000000| Untracked 
|  37|0x0000000084100000, 0x0000000084100000, 0x0000000084200000|  0%| F|  |TAMS 0x0000000084100000, 0x0000000084100000| Untracked 
|  38|0x0000000084200000, 0x0000000084200000, 0x0000000084300000|  0%| F|  |TAMS 0x0000000084200000, 0x0000000084200000| Untracked 
|  39|0x0000000084300000, 0x0000000084300000, 0x0000000084400000|  0%| F|  |TAMS 0x0000000084300000, 0x0000000084300000| Untracked 
|  40|0x0000000084400000, 0x0000000084400000, 0x0000000084500000|  0%| F|  |TAMS 0x0000000084400000, 0x0000000084400000| Untracked 
|  41|0x0000000084500000, 0x0000000084500000, 0x0000000084600000|  0%| F|  |TAMS 0x0000000084500000, 0x0000000084500000| Untracked 
|  42|0x0000000084600000, 0x0000000084600000, 0x0000000084700000|  0%| F|  |TAMS 0x0000000084600000, 0x0000000084600000| Untracked 
|  43|0x0000000084700000, 0x0000000084700000, 0x0000000084800000|  0%| F|  |TAMS 0x0000000084700000, 0x0000000084700000| Untracked 
|  44|0x0000000084800000, 0x0000000084800000, 0x0000000084900000|  0%| F|  |TAMS 0x0000000084800000, 0x0000000084800000| Untracked 
|  45|0x0000000084900000, 0x0000000084900000, 0x0000000084a00000|  0%| F|  |TAMS 0x0000000084900000, 0x0000000084900000| Untracked 
|  46|0x0000000084a00000, 0x0000000084a00000, 0x0000000084b00000|  0%| F|  |TAMS 0x0000000084a00000, 0x0000000084a00000| Untracked 
|  47|0x0000000084b00000, 0x0000000084b00000, 0x0000000084c00000|  0%| F|  |TAMS 0x0000000084b00000, 0x0000000084b00000| Untracked 
|  48|0x0000000084c00000, 0x0000000084c00000, 0x0000000084d00000|  0%| F|  |TAMS 0x0000000084c00000, 0x0000000084c00000| Untracked 
|  49|0x0000000084d00000, 0x0000000084d00000, 0x0000000084e00000|  0%| F|  |TAMS 0x0000000084d00000, 0x0000000084d00000| Untracked 
|  50|0x0000000084e00000, 0x0000000084e00000, 0x0000000084f00000|  0%| F|  |TAMS 0x0000000084e00000, 0x0000000084e00000| Untracked 
|  51|0x0000000084f00000, 0x0000000084f00000, 0x0000000085000000|  0%| F|  |TAMS 0x0000000084f00000, 0x0000000084f00000| Untracked 
|  52|0x0000000085000000, 0x0000000085000000, 0x0000000085100000|  0%| F|  |TAMS 0x0000000085000000, 0x0000000085000000| Untracked 
|  53|0x0000000085100000, 0x0000000085100000, 0x0000000085200000|  0%| F|  |TAMS 0x0000000085100000, 0x0000000085100000| Untracked 
|  54|0x0000000085200000, 0x0000000085200000, 0x0000000085300000|  0%| F|  |TAMS 0x0000000085200000, 0x0000000085200000| Untracked 
|  55|0x0000000085300000, 0x0000000085300000, 0x0000000085400000|  0%| F|  |TAMS 0x0000000085300000, 0x0000000085300000| Untracked 
|  56|0x0000000085400000, 0x0000000085400000, 0x0000000085500000|  0%| F|  |TAMS 0x0000000085400000, 0x0000000085400000| Untracked 
|  57|0x0000000085500000, 0x0000000085500000, 0x0000000085600000|  0%| F|  |TAMS 0x0000000085500000, 0x0000000085500000| Untracked 
|  58|0x0000000085600000, 0x0000000085600000, 0x0000000085700000|  0%| F|  |TAMS 0x0000000085600000, 0x0000000085600000| Untracked 
|  59|0x0000000085700000, 0x0000000085700000, 0x0000000085800000|  0%| F|  |TAMS 0x0000000085700000, 0x0000000085700000| Untracked 
|  60|0x0000000085800000, 0x0000000085800000, 0x0000000085900000|  0%| F|  |TAMS 0x0000000085800000, 0x0000000085800000| Untracked 
|  61|0x0000000085900000, 0x0000000085900000, 0x0000000085a00000|  0%| F|  |TAMS 0x0000000085900000, 0x0000000085900000| Untracked 
|  62|0x0000000085a00000, 0x0000000085a00000, 0x0000000085b00000|  0%| F|  |TAMS 0x0000000085a00000, 0x0000000085a00000| Untracked 
|  63|0x0000000085b00000, 0x0000000085b00000, 0x0000000085c00000|  0%| F|  |TAMS 0x0000000085b00000, 0x0000000085b00000| Untracked 
|  64|0x0000000085c00000, 0x0000000085c00000, 0x0000000085d00000|  0%| F|  |TAMS 0x0000000085c00000, 0x0000000085c00000| Untracked 
|  65|0x0000000085d00000, 0x0000000085d00000, 0x0000000085e00000|  0%| F|  |TAMS 0x0000000085d00000, 0x0000000085d00000| Untracked 
|  66|0x0000000085e00000, 0x0000000085e00000, 0x0000000085f00000|  0%| F|  |TAMS 0x0000000085e00000, 0x0000000085e00000| Untracked 
|  67|0x0000000085f00000, 0x0000000085f00000, 0x0000000086000000|  0%| F|  |TAMS 0x0000000085f00000, 0x0000000085f00000| Untracked 
|  68|0x0000000086000000, 0x0000000086000000, 0x0000000086100000|  0%| F|  |TAMS 0x0000000086000000, 0x0000000086000000| Untracked 
|  69|0x0000000086100000, 0x0000000086100000, 0x0000000086200000|  0%| F|  |TAMS 0x0000000086100000, 0x0000000086100000| Untracked 
|  70|0x0000000086200000, 0x0000000086200000, 0x0000000086300000|  0%| F|  |TAMS 0x0000000086200000, 0x0000000086200000| Untracked 
|  71|0x0000000086300000, 0x0000000086300000, 0x0000000086400000|  0%| F|  |TAMS 0x0000000086300000, 0x0000000086300000| Untracked 
|  72|0x0000000086400000, 0x0000000086400000, 0x0000000086500000|  0%| F|  |TAMS 0x0000000086400000, 0x0000000086400000| Untracked 
|  73|0x0000000086500000, 0x0000000086500000, 0x0000000086600000|  0%| F|  |TAMS 0x0000000086500000, 0x0000000086500000| Untracked 
|  74|0x0000000086600000, 0x0000000086600000, 0x0000000086700000|  0%| F|  |TAMS 0x0000000086600000, 0x0000000086600000| Untracked 
|  75|0x0000000086700000, 0x0000000086700000, 0x0000000086800000|  0%| F|  |TAMS 0x0000000086700000, 0x0000000086700000| Untracked 
|  76|0x0000000086800000, 0x0000000086800000, 0x0000000086900000|  0%| F|  |TAMS 0x0000000086800000, 0x0000000086800000| Untracked 
|  77|0x0000000086900000, 0x0000000086900000, 0x0000000086a00000|  0%| F|  |TAMS 0x0000000086900000, 0x0000000086900000| Untracked 
|  78|0x0000000086a00000, 0x0000000086a00000, 0x0000000086b00000|  0%| F|  |TAMS 0x0000000086a00000, 0x0000000086a00000| Untracked 
|  79|0x0000000086b00000, 0x0000000086b00000, 0x0000000086c00000|  0%| F|  |TAMS 0x0000000086b00000, 0x0000000086b00000| Untracked 
|  80|0x0000000086c00000, 0x0000000086c00000, 0x0000000086d00000|  0%| F|  |TAMS 0x0000000086c00000, 0x0000000086c00000| Untracked 
|  81|0x0000000086d00000, 0x0000000086d00000, 0x0000000086e00000|  0%| F|  |TAMS 0x0000000086d00000, 0x0000000086d00000| Untracked 
|  82|0x0000000086e00000, 0x0000000086e00000, 0x0000000086f00000|  0%| F|  |TAMS 0x0000000086e00000, 0x0000000086e00000| Untracked 
|  83|0x0000000086f00000, 0x0000000086f00000, 0x0000000087000000|  0%| F|  |TAMS 0x0000000086f00000, 0x0000000086f00000| Untracked 
|  84|0x0000000087000000, 0x0000000087000000, 0x0000000087100000|  0%| F|  |TAMS 0x0000000087000000, 0x0000000087000000| Untracked 
|  85|0x0000000087100000, 0x0000000087100000, 0x0000000087200000|  0%| F|  |TAMS 0x0000000087100000, 0x0000000087100000| Untracked 
|  86|0x0000000087200000, 0x0000000087200000, 0x0000000087300000|  0%| F|  |TAMS 0x0000000087200000, 0x0000000087200000| Untracked 
|  87|0x0000000087300000, 0x0000000087300000, 0x0000000087400000|  0%| F|  |TAMS 0x0000000087300000, 0x0000000087300000| Untracked 
|  88|0x0000000087400000, 0x0000000087400000, 0x0000000087500000|  0%| F|  |TAMS 0x0000000087400000, 0x0000000087400000| Untracked 
|  89|0x0000000087500000, 0x0000000087500000, 0x0000000087600000|  0%| F|  |TAMS 0x0000000087500000, 0x0000000087500000| Untracked 
|  90|0x0000000087600000, 0x0000000087600000, 0x0000000087700000|  0%| F|  |TAMS 0x0000000087600000, 0x0000000087600000| Untracked 
|  91|0x0000000087700000, 0x0000000087700000, 0x0000000087800000|  0%| F|  |TAMS 0x0000000087700000, 0x0000000087700000| Untracked 
|  92|0x0000000087800000, 0x0000000087800000, 0x0000000087900000|  0%| F|  |TAMS 0x0000000087800000, 0x0000000087800000| Untracked 
|  93|0x0000000087900000, 0x0000000087900000, 0x0000000087a00000|  0%| F|  |TAMS 0x0000000087900000, 0x0000000087900000| Untracked 
|  94|0x0000000087a00000, 0x0000000087a00000, 0x0000000087b00000|  0%| F|  |TAMS 0x0000000087a00000, 0x0000000087a00000| Untracked 
|  95|0x0000000087b00000, 0x0000000087b00000, 0x0000000087c00000|  0%| F|  |TAMS 0x0000000087b00000, 0x0000000087b00000| Untracked 
|  96|0x0000000087c00000, 0x0000000087c00000, 0x0000000087d00000|  0%| F|  |TAMS 0x0000000087c00000, 0x0000000087c00000| Untracked 
|  97|0x0000000087d00000, 0x0000000087d00000, 0x0000000087e00000|  0%| F|  |TAMS 0x0000000087d00000, 0x0000000087d00000| Untracked 
|  98|0x0000000087e00000, 0x0000000087e00000, 0x0000000087f00000|  0%| F|  |TAMS 0x0000000087e00000, 0x0000000087e00000| Untracked 
|  99|0x0000000087f00000, 0x0000000087f00000, 0x0000000088000000|  0%| F|  |TAMS 0x0000000087f00000, 0x0000000087f00000| Untracked 
| 100|0x0000000088000000, 0x0000000088000000, 0x0000000088100000|  0%| F|  |TAMS 0x0000000088000000, 0x0000000088000000| Untracked 
| 101|0x0000000088100000, 0x0000000088100000, 0x0000000088200000|  0%| F|  |TAMS 0x0000000088100000, 0x0000000088100000| Untracked 
| 102|0x0000000088200000, 0x0000000088200000, 0x0000000088300000|  0%| F|  |TAMS 0x0000000088200000, 0x0000000088200000| Untracked 
| 103|0x0000000088300000, 0x0000000088300000, 0x0000000088400000|  0%| F|  |TAMS 0x0000000088300000, 0x0000000088300000| Untracked 
| 104|0x0000000088400000, 0x0000000088400000, 0x0000000088500000|  0%| F|  |TAMS 0x0000000088400000, 0x0000000088400000| Untracked 
| 105|0x0000000088500000, 0x0000000088500000, 0x0000000088600000|  0%| F|  |TAMS 0x0000000088500000, 0x0000000088500000| Untracked 
| 106|0x0000000088600000, 0x0000000088600000, 0x0000000088700000|  0%| F|  |TAMS 0x0000000088600000, 0x0000000088600000| Untracked 
| 107|0x0000000088700000, 0x0000000088700000, 0x0000000088800000|  0%| F|  |TAMS 0x0000000088700000, 0x0000000088700000| Untracked 
| 108|0x0000000088800000, 0x0000000088800000, 0x0000000088900000|  0%| F|  |TAMS 0x0000000088800000, 0x0000000088800000| Untracked 
| 109|0x0000000088900000, 0x0000000088900000, 0x0000000088a00000|  0%| F|  |TAMS 0x0000000088900000, 0x0000000088900000| Untracked 
| 110|0x0000000088a00000, 0x0000000088a00000, 0x0000000088b00000|  0%| F|  |TAMS 0x0000000088a00000, 0x0000000088a00000| Untracked 
| 111|0x0000000088b00000, 0x0000000088b00000, 0x0000000088c00000|  0%| F|  |TAMS 0x0000000088b00000, 0x0000000088b00000| Untracked 
| 112|0x0000000088c00000, 0x0000000088c00000, 0x0000000088d00000|  0%| F|  |TAMS 0x0000000088c00000, 0x0000000088c00000| Untracked 
| 113|0x0000000088d00000, 0x0000000088d00000, 0x0000000088e00000|  0%| F|  |TAMS 0x0000000088d00000, 0x0000000088d00000| Untracked 
| 114|0x0000000088e00000, 0x0000000088e00000, 0x0000000088f00000|  0%| F|  |TAMS 0x0000000088e00000, 0x0000000088e00000| Untracked 
| 115|0x0000000088f00000, 0x0000000088f00000, 0x0000000089000000|  0%| F|  |TAMS 0x0000000088f00000, 0x0000000088f00000| Untracked 
| 116|0x0000000089000000, 0x0000000089000000, 0x0000000089100000|  0%| F|  |TAMS 0x0000000089000000, 0x0000000089000000| Untracked 
| 117|0x0000000089100000, 0x0000000089100000, 0x0000000089200000|  0%| F|  |TAMS 0x0000000089100000, 0x0000000089100000| Untracked 
| 118|0x0000000089200000, 0x0000000089200000, 0x0000000089300000|  0%| F|  |TAMS 0x0000000089200000, 0x0000000089200000| Untracked 
| 119|0x0000000089300000, 0x0000000089300000, 0x0000000089400000|  0%| F|  |TAMS 0x0000000089300000, 0x0000000089300000| Untracked 
| 120|0x0000000089400000, 0x0000000089400000, 0x0000000089500000|  0%| F|  |TAMS 0x0000000089400000, 0x0000000089400000| Untracked 
| 121|0x0000000089500000, 0x0000000089500000, 0x0000000089600000|  0%| F|  |TAMS 0x0000000089500000, 0x0000000089500000| Untracked 
| 122|0x0000000089600000, 0x0000000089600000, 0x0000000089700000|  0%| F|  |TAMS 0x0000000089600000, 0x0000000089600000| Untracked 
| 123|0x0000000089700000, 0x0000000089748310, 0x0000000089800000| 28%| E|  |TAMS 0x0000000089700000, 0x0000000089700000| Complete 
| 124|0x0000000089800000, 0x0000000089900000, 0x0000000089900000|100%| E|CS|TAMS 0x0000000089800000, 0x0000000089800000| Complete 
| 125|0x0000000089900000, 0x0000000089a00000, 0x0000000089a00000|100%| E|CS|TAMS 0x0000000089900000, 0x0000000089900000| Complete 
| 126|0x0000000089a00000, 0x0000000089b00000, 0x0000000089b00000|100%| E|CS|TAMS 0x0000000089a00000, 0x0000000089a00000| Complete 
| 127|0x0000000089b00000, 0x0000000089c00000, 0x0000000089c00000|100%| E|CS|TAMS 0x0000000089b00000, 0x0000000089b00000| Complete 

Card table byte_map: [0x000001b13c130000,0x000001b13c530000] _byte_map_base: 0x000001b13bd22000

Marking Bits (Prev, Next): (CMBitMap*) 0x000001b1249a9c28, (CMBitMap*) 0x000001b1249a9c68
 Prev Bits: [0x000001b13c930000, 0x000001b13e8c0000)
 Next Bits: [0x000001b13e8c0000, 0x000001b140850000)

Polling page: 0x000001b1228a0000

Metaspace:

Usage:
  Non-class:      4.99 MB capacity,     1.69 MB ( 34%) used,     3.30 MB ( 66%) free+waste,     1.31 KB ( <1%) overhead. 
      Class:    457.00 KB capacity,    99.24 KB ( 22%) used,   357.26 KB ( 78%) free+waste,   512 bytes ( <1%) overhead. 
       Both:      5.43 MB capacity,     1.78 MB ( 33%) used,     3.65 MB ( 67%) free+waste,     1.81 KB ( <1%) overhead. 

Virtual space:
  Non-class space:        8.00 MB reserved,       5.25 MB ( 66%) committed 
      Class space:        1.00 GB reserved,     512.00 KB ( <1%) committed 
             Both:        1.01 GB reserved,       5.75 MB ( <1%) committed 

Chunk freelists:
   Non-Class:  17.88 KB
       Class:  2.88 KB
        Both:  20.75 KB

CodeHeap 'non-profiled nmethods': size=120064Kb used=95Kb max_used=95Kb free=119968Kb
 bounds [0x000001b1347f0000, 0x000001b134a60000, 0x000001b13bd30000]
CodeHeap 'profiled nmethods': size=120000Kb used=555Kb max_used=555Kb free=119444Kb
 bounds [0x000001b12d2c0000, 0x000001b12d530000, 0x000001b1347f0000]
CodeHeap 'non-nmethods': size=5696Kb used=1113Kb max_used=1126Kb free=4582Kb
 bounds [0x000001b12cd30000, 0x000001b12cfa0000, 0x000001b12d2c0000]
 total_blobs=871 nmethods=363 adapters=329
 compilation: enabled
              stopped_count=0, restarted_count=0
 full_count=0

Compilation events (10 events):
Event: 0.590 Thread 0x000001b143705800  355       2       game.Timer::getTime (9 bytes)
Event: 0.591 Thread 0x000001b143705800 nmethod 355 0x000001b12d345e90 code [0x000001b12d346060, 0x000001b12d3461b8]
Event: 0.592 Thread 0x000001b142d63000 nmethod 358 0x000001b134806590 code [0x000001b134806740, 0x000001b134806998]
Event: 0.592 Thread 0x000001b142d63000  359       4       game.Timer::getTime (9 bytes)
Event: 0.593 Thread 0x000001b142d63000 nmethod 359 0x000001b134806a90 code [0x000001b134806c40, 0x000001b134806c98]
Event: 0.595 Thread 0x000001b143705800  360 %     3       game.Main::tick @ 23 (141 bytes)
Event: 0.597 Thread 0x000001b143705800 nmethod 360% 0x000001b12d346290 code [0x000001b12d346660, 0x000001b12d347f70]
Event: 0.597 Thread 0x000001b143705800  361       3       game.Main::tick (141 bytes)
Event: 0.598 Thread 0x000001b143705800 nmethod 361 0x000001b12d348890 code [0x000001b12d348c80, 0x000001b12d34a470]
Event: 0.618 Thread 0x000001b142d63000  363 %     4       game.Main::tick @ 23 (141 bytes)

GC Heap History (0 events):
No events

Deoptimization events (1 events):
Event: 0.163 Thread 0x000001b12496a000 Uncommon trap: reason=unstable_if action=reinterpret pc=0x000001b1347f4cbc method=java.lang.String.hashCode()I @ 14 c2

Classes redefined (0 events):
No events

Internal exceptions (0 events):
No events

Events (10 events):
Event: 0.513 loading class org/lwjgl/opengl/GL30
Event: 0.513 loading class org/lwjgl/opengl/GL30 done
Event: 0.517 loading class org/lwjgl/opengl/Util
Event: 0.517 loading class org/lwjgl/opengl/Util done
Event: 0.569 loading class org/lwjgl/opengl/ReferencesStack
Event: 0.569 loading class org/lwjgl/opengl/ReferencesStack done
Event: 0.579 loading class org/lwjgl/input/Controllers
Event: 0.579 loading class org/lwjgl/input/Controllers done
Event: 0.580 loading class game/Timer
Event: 0.580 loading class game/Timer done


Dynamic libraries:
0x00007ff67b850000 - 0x00007ff67b85f000 	C:\Program Files\Java\jdk-12.0.2\bin\javaw.exe
0x00007ff8853c0000 - 0x00007ff8855b0000 	C:\WINDOWS\SYSTEM32\ntdll.dll
0x00007ff884db0000 - 0x00007ff884e62000 	C:\WINDOWS\System32\KERNEL32.DLL
0x00007ff8830a0000 - 0x00007ff883343000 	C:\WINDOWS\System32\KERNELBASE.dll
0x00007ff882d80000 - 0x00007ff882e7a000 	C:\WINDOWS\System32\ucrtbase.dll
0x00007ff86f520000 - 0x00007ff86f538000 	C:\Program Files\Java\jdk-12.0.2\bin\jli.dll
0x00007ff884fc0000 - 0x00007ff885063000 	C:\WINDOWS\System32\ADVAPI32.dll
0x00007ff884500000 - 0x00007ff88459e000 	C:\WINDOWS\System32\msvcrt.dll
0x00007ff86e690000 - 0x00007ff86e6a6000 	C:\Program Files\Java\jdk-12.0.2\bin\VCRUNTIME140.dll
0x00007ff885070000 - 0x00007ff885107000 	C:\WINDOWS\System32\sechost.dll
0x00007ff884380000 - 0x00007ff8844a0000 	C:\WINDOWS\System32\RPCRT4.dll
0x00007ff8851d0000 - 0x00007ff885364000 	C:\WINDOWS\System32\USER32.dll
0x00007ff882cd0000 - 0x00007ff882cf1000 	C:\WINDOWS\System32\win32u.dll
0x00007ff8845c0000 - 0x00007ff8845e6000 	C:\WINDOWS\System32\GDI32.dll
0x00007ff8823b0000 - 0x00007ff882544000 	C:\WINDOWS\System32\gdi32full.dll
0x00007ff866510000 - 0x00007ff866795000 	C:\WINDOWS\WinSxS\amd64_microsoft.windows.common-controls_6595b64144ccf1df_6.0.18362.657_none_e6c5b579130e3898\COMCTL32.dll
0x00007ff8833d0000 - 0x00007ff88346e000 	C:\WINDOWS\System32\msvcp_win.dll
0x00007ff884600000 - 0x00007ff884936000 	C:\WINDOWS\System32\combase.dll
0x00007ff882d00000 - 0x00007ff882d80000 	C:\WINDOWS\System32\bcryptPrimitives.dll
0x00007ff87dbf0000 - 0x00007ff87dbfa000 	C:\WINDOWS\SYSTEM32\VERSION.dll
0x00007ff884bd0000 - 0x00007ff884bfe000 	C:\WINDOWS\System32\IMM32.DLL
0x00007ff862640000 - 0x00007ff8626ea000 	C:\Program Files\Java\jdk-12.0.2\bin\msvcp140.dll
0x00007ff83be60000 - 0x00007ff83c9d7000 	C:\Program Files\Java\jdk-12.0.2\bin\server\jvm.dll
0x00007ff885370000 - 0x00007ff885378000 	C:\WINDOWS\System32\PSAPI.DLL
0x00007ff87e880000 - 0x00007ff87e889000 	C:\WINDOWS\SYSTEM32\WSOCK32.dll
0x00007ff8837a0000 - 0x00007ff88380f000 	C:\WINDOWS\System32\WS2_32.dll
0x00007ff86f940000 - 0x00007ff86f964000 	C:\WINDOWS\SYSTEM32\WINMM.dll
0x00007ff86dff0000 - 0x00007ff86e01d000 	C:\WINDOWS\SYSTEM32\WINMMBASE.dll
0x00007ff883350000 - 0x00007ff88339a000 	C:\WINDOWS\System32\cfgmgr32.dll
0x00007ff8822a0000 - 0x00007ff8822b1000 	C:\WINDOWS\System32\kernel.appcore.dll
0x00007ff87c6d0000 - 0x00007ff87c6e1000 	C:\Program Files\Java\jdk-12.0.2\bin\verify.dll
0x00007ff87e030000 - 0x00007ff87e224000 	C:\WINDOWS\SYSTEM32\DBGHELP.DLL
0x00007ff87dff0000 - 0x00007ff87e01a000 	C:\WINDOWS\SYSTEM32\dbgcore.DLL
0x00007ff87b6c0000 - 0x00007ff87b6e6000 	C:\Program Files\Java\jdk-12.0.2\bin\java.dll
0x00007ff87c6b0000 - 0x00007ff87c6c7000 	C:\Program Files\Java\jdk-12.0.2\bin\zip.dll
0x00007ff87d4d0000 - 0x00007ff87d4da000 	C:\Program Files\Java\jdk-12.0.2\bin\jimage.dll
0x00007ff883c90000 - 0x00007ff884375000 	C:\WINDOWS\System32\SHELL32.dll
0x00007ff883520000 - 0x00007ff8835c9000 	C:\WINDOWS\System32\shcore.dll
0x00007ff882550000 - 0x00007ff882ccf000 	C:\WINDOWS\System32\windows.storage.dll
0x00007ff882330000 - 0x00007ff88234f000 	C:\WINDOWS\System32\profapi.dll
0x00007ff8822c0000 - 0x00007ff88230a000 	C:\WINDOWS\System32\powrprof.dll
0x00007ff882290000 - 0x00007ff8822a0000 	C:\WINDOWS\System32\UMPDC.dll
0x00007ff8844a0000 - 0x00007ff8844f2000 	C:\WINDOWS\System32\shlwapi.dll
0x00007ff882e80000 - 0x00007ff882e97000 	C:\WINDOWS\System32\cryptsp.dll
0x00007ff87abb0000 - 0x00007ff87abc9000 	C:\Program Files\Java\jdk-12.0.2\bin\net.dll
0x00007ff87af80000 - 0x00007ff87b070000 	C:\WINDOWS\SYSTEM32\WINHTTP.dll
0x00007ff875220000 - 0x00007ff8753f6000 	C:\WINDOWS\SYSTEM32\urlmon.dll
0x00007ff874f70000 - 0x00007ff875216000 	C:\WINDOWS\SYSTEM32\iertutil.dll
0x00007ff881cd0000 - 0x00007ff881cdc000 	C:\WINDOWS\SYSTEM32\CRYPTBASE.DLL
0x00007ff881b00000 - 0x00007ff881b67000 	C:\WINDOWS\system32\mswsock.dll
0x00007ff86f1b0000 - 0x00007ff86f1c3000 	C:\Program Files\Java\jdk-12.0.2\bin\nio.dll
0x0000000180000000 - 0x0000000180053000 	C:\Users\Oudum\Desktop\Cours\L2\GLP\Library\lwjgl-2.9.3\native\windows\lwjgl64.dll
0x00007ff86bfe0000 - 0x00007ff86c136000 	C:\WINDOWS\SYSTEM32\OPENGL32.dll
0x00007ff87a620000 - 0x00007ff87a64c000 	C:\WINDOWS\SYSTEM32\GLU32.dll
0x00007ff880f00000 - 0x00007ff880f20000 	C:\WINDOWS\SYSTEM32\dxcore.dll
0x00007ff87bd70000 - 0x00007ff87be1e000 	C:\WINDOWS\SYSTEM32\mscms.dll
0x00007ff8821b0000 - 0x00007ff8821d5000 	C:\WINDOWS\SYSTEM32\USERENV.dll
0x00007ff87bd50000 - 0x00007ff87bd67000 	C:\WINDOWS\SYSTEM32\ColorAdapterClient.dll
0x00007ff884b00000 - 0x00007ff884bc4000 	C:\WINDOWS\System32\OLEAUT32.dll
0x00007ff883470000 - 0x00007ff883512000 	C:\WINDOWS\System32\clbcatq.dll
0x00007ff86cea0000 - 0x00007ff86ceba000 	C:\Windows\System32\Windows.Internal.Graphics.Display.DisplayColorManagement.dll
0x00007ff8805c0000 - 0x00007ff880659000 	C:\WINDOWS\system32\uxtheme.dll
0x00007ff884940000 - 0x00007ff884a75000 	C:\WINDOWS\System32\MSCTF.dll
0x00007ff87a230000 - 0x00007ff87a2ce000 	C:\WINDOWS\System32\TextInputFramework.dll
0x00007ff86d490000 - 0x00007ff86d7ba000 	C:\WINDOWS\System32\CoreUIComponents.dll
0x00007ff880230000 - 0x00007ff880304000 	C:\WINDOWS\System32\CoreMessaging.dll
0x00007ff8812f0000 - 0x00007ff881321000 	C:\WINDOWS\SYSTEM32\ntmarta.dll
0x00007ff87e9c0000 - 0x00007ff87eb13000 	C:\WINDOWS\SYSTEM32\wintypes.dll
0x00007ff836b00000 - 0x00007ff837a5c000 	C:\WINDOWS\System32\DriverStore\FileRepository\igdlh64.inf_amd64_862bac15d0efb48d\ig9icd64.dll
0x00007ff883640000 - 0x00007ff883796000 	C:\WINDOWS\System32\OLE32.DLL
0x00007ff880c00000 - 0x00007ff880c2d000 	C:\WINDOWS\SYSTEM32\dwmapi.dll
0x00007ff880f90000 - 0x00007ff88107b000 	C:\WINDOWS\system32\dxgi.dll
0x00007ff86cae0000 - 0x00007ff86cb23000 	C:\WINDOWS\SYSTEM32\icm32.dll
0x00007ff86a5a0000 - 0x00007ff86a6f2000 	C:\WINDOWS\System32\DriverStore\FileRepository\igdlh64.inf_amd64_862bac15d0efb48d\igdgmm64.dll
0x00007ff867f40000 - 0x00007ff86a296000 	C:\WINDOWS\System32\DriverStore\FileRepository\igdlh64.inf_amd64_862bac15d0efb48d\igc64.dll

dbghelp: loaded successfully - version: 4.0.5 - missing functions: none
symbol engine: initialized successfully - sym options: 0x614 - pdb path: .;C:\Program Files\Java\jdk-12.0.2\bin;C:\WINDOWS\SYSTEM32;C:\WINDOWS\WinSxS\amd64_microsoft.windows.common-controls_6595b64144ccf1df_6.0.18362.657_none_e6c5b579130e3898;C:\Program Files\Java\jdk-12.0.2\bin\server;C:\Users\Oudum\Desktop\Cours\L2\GLP\Library\lwjgl-2.9.3\native\windows;C:\WINDOWS\System32\DriverStore\FileRepository\igdlh64.inf_amd64_862bac15d0efb48d

VM Arguments:
jvm_args: -Djava.library.path=C:\Users\Oudum\Desktop\Cours\L2\GLP\Library\lwjgl-2.9.3\native\windows -Dfile.encoding=Cp1252 
java_command: game.GameLauncher
java_class_path (initial): C:\Users\Oudum\git\GLP-RPG\RPG\bin;C:\Users\Oudum\Desktop\Cours\L2\GLP\Library\lwjgl-2.9.3\jar\AppleJavaExtensions.jar;C:\Users\Oudum\Desktop\Cours\L2\GLP\Library\lwjgl-2.9.3\jar\asm-debug-all.jar;C:\Users\Oudum\Desktop\Cours\L2\GLP\Library\lwjgl-2.9.3\jar\jinput.jar;C:\Users\Oudum\Desktop\Cours\L2\GLP\Library\lwjgl-2.9.3\jar\laf-plugin-7.2.1.jar;C:\Users\Oudum\Desktop\Cours\L2\GLP\Library\lwjgl-2.9.3\jar\laf-widget-7.2.1.jar;C:\Users\Oudum\Desktop\Cours\L2\GLP\Library\lwjgl-2.9.3\jar\log4j-api-2.0-beta9.jar;C:\Users\Oudum\Desktop\Cours\L2\GLP\Library\lwjgl-2.9.3\jar\lwjgl.jar;C:\Users\Oudum\Desktop\Cours\L2\GLP\Library\lwjgl-2.9.3\jar\lwjgl_test.jar;C:\Users\Oudum\Desktop\Cours\L2\GLP\Library\lwjgl-2.9.3\jar\lwjgl_util.jar;C:\Users\Oudum\Desktop\Cours\L2\GLP\Library\lwjgl-2.9.3\jar\lwjgl_util_applet.jar;C:\Users\Oudum\Desktop\Cours\L2\GLP\Library\lwjgl-2.9.3\jar\lwjgl-debug.jar;C:\Users\Oudum\Desktop\Cours\L2\GLP\Library\lwjgl-2.9.3\jar\lzma.jar;C:\Users\Oudum\Desktop\Cours\L2\GLP\Library\lwjgl-2.9.3\jar\substance-7.2.1.jar;C:\Users\Oudum\Desktop\Cours\L2\GLP\Library\lwjgl-2.9.3\jar\trident-7.2.1.jar
Launcher Type: SUN_STANDARD

[Global flags]
     intx CICompilerCount                          = 3                                         {product} {ergonomic}
     uint ConcGCThreads                            = 1                                         {product} {ergonomic}
     uint G1ConcRefinementThreads                  = 4                                         {product} {ergonomic}
   size_t G1HeapRegionSize                         = 1048576                                   {product} {ergonomic}
    uintx GCDrainStackTargetSize                   = 64                                        {product} {ergonomic}
   size_t InitialHeapSize                          = 134217728                                 {product} {ergonomic}
   size_t MarkStackSize                            = 4194304                                   {product} {ergonomic}
   size_t MaxHeapSize                              = 2118123520                                {product} {ergonomic}
   size_t MaxNewSize                               = 1270874112                                {product} {ergonomic}
   size_t MinHeapDeltaBytes                        = 1048576                                   {product} {ergonomic}
    uintx NonNMethodCodeHeapSize                   = 5830732                                {pd product} {ergonomic}
    uintx NonProfiledCodeHeapSize                  = 122913754                              {pd product} {ergonomic}
    uintx ProfiledCodeHeapSize                     = 122913754                              {pd product} {ergonomic}
    uintx ReservedCodeCacheSize                    = 251658240                              {pd product} {ergonomic}
     bool SegmentedCodeCache                       = true                                      {product} {ergonomic}
     bool UseCompressedClassPointers               = true                                 {lp64_product} {ergonomic}
     bool UseCompressedOops                        = true                                 {lp64_product} {ergonomic}
     bool UseG1GC                                  = true                                      {product} {ergonomic}
     bool UseLargePagesIndividualAllocation        = false                                  {pd product} {ergonomic}

Logging:
Log output configuration:
 #0: stdout all=warning uptime,level,tags
 #1: stderr all=off uptime,level,tags

Environment Variables:
PATH=C:/Program Files/Java/jdk-12.0.2/bin/server;C:/Program Files/Java/jdk-12.0.2/bin;C:\Program Files (x86)\Common Files\Oracle\Java\javapath;C:\WINDOWS\system32;C:\WINDOWS;C:\WINDOWS\System32\Wbem;C:\WINDOWS\System32\WindowsPowerShell\v1.0\;C:\WINDOWS\System32\OpenSSH\;C:\Program Files\Git\cmd;C:\Program Files\nodejs\;C:\Users\Oudum\AppData\Local\Microsoft\WindowsApps;;C:\Users\Oudum\AppData\Local\Programs\Microsoft VS Code\bin;C:\Users\Oudum\AppData\Roaming\npm;C:\Users\Oudum\Desktop;
USERNAME=Oudum
OS=Windows_NT
PROCESSOR_IDENTIFIER=Intel64 Family 6 Model 78 Stepping 3, GenuineIntel



---------------  S Y S T E M  ---------------

OS: Windows 10 , 64 bit Build 18362 (10.0.18362.329)

CPU:total 4 (initial active 4) (2 cores per cpu, 2 threads per core) family 6 model 78 stepping 3, cmov, cx8, fxsr, mmx, sse, sse2, sse3, ssse3, sse4.1, sse4.2, popcnt, avx, avx2, aes, clmul, erms, 3dnowpref, lzcnt, ht, tsc, tscinvbit, bmi1, bmi2, adx, fma

Memory: 4k page, system-wide physical 8072M (3215M free)
TotalPageFile size 11683M (AvailPageFile size 3849M)
current process WorkingSet (physical memory assigned to process): 81M, peak: 81M
current process commit charge ("private bytes"): 212M, peak: 212M

vm_info: Java HotSpot(TM) 64-Bit Server VM (12.0.2+10) for windows-amd64 JRE (12.0.2+10), built on Jul 16 2019 01:56:17 by "mach5one" with MS VC++ 15.5 (VS2017)

END.
